Using pre-set license
Built from '2020.3/staging' branch; Version is '2020.3.14f1 (d0d1bb862f9d) revision 13685179'; Using compiler version '192528614'; Build Type 'Release'
OS: 'Windows 10 Home; OS build 19042.1083; Version 2009; 64bit' Language: 'en' Physical Memory: 3975 MB
BatchMode: 1, IsHumanControllingUs: 0, StartBugReporterOnCrash: 0, Is64bit: 1, IsPro: 0

 COMMAND LINE ARGUMENTS:
D:\Tech Apps\Unity\Editor\Unity.exe
-adb2
-batchMode
-noUpm
-name
AssetImportWorker2
-projectPath
D:/User Files/Documents/GitHub/MinePlanter/Mine Planter
-logFile
Logs/AssetImportWorker2.log
-srvPort
50165
Successfully changed project path to: D:/User Files/Documents/GitHub/MinePlanter/Mine Planter
D:/User Files/Documents/GitHub/MinePlanter/Mine Planter
Using Asset Import Pipeline V2.
Refreshing native plugins compatible for Editor in 104.31 ms, found 3 plugins.
Preloading 0 native plugins for Editor in 0.00 ms.
Initialize engine version: 2020.3.14f1 (d0d1bb862f9d)
[Subsystems] Discovering subsystems at path D:/Tech Apps/Unity/Editor/Data/Resources/UnitySubsystems
[Subsystems] Discovering subsystems at path D:/User Files/Documents/GitHub/MinePlanter/Mine Planter/Assets
GfxDevice: creating device client; threaded=0
Direct3D:
    Version:  Direct3D 11.0 [level 11.1]
    Renderer: Intel(R) HD Graphics 520 (ID=0x1916)
    Vendor:   
    VRAM:     1987 MB
    Driver:   27.20.100.9466
Initialize mono
Mono path[0] = 'D:/Tech Apps/Unity/Editor/Data/Managed'
Mono path[1] = 'D:/Tech Apps/Unity/Editor/Data/MonoBleedingEdge/lib/mono/unityjit'
Mono config path = 'D:/Tech Apps/Unity/Editor/Data/MonoBleedingEdge/etc'
Using monoOptions --debugger-agent=transport=dt_socket,embedding=1,server=y,suspend=n,address=127.0.0.1:56268
Begin MonoManager ReloadAssembly
